Full Data(x=[2708, 1433], edge_index=[2, 10556], y=[2708], train_mask=[2708], val_mask=[2708], test_mask=[2708])
edges to add [2940, 2964, 2992, 3028, 3074, 3135, 3221, 3349, 3564, 3992]
total edges 5278
New Sparsifier
MPS backend not available. Using CPU.
Epoch: 0, Loss: 1.9486943483352661
Epoch: 50, Loss: 0.08878505229949951
Epoch: 100, Loss: 0.06495586782693863
Epoch: 150, Loss: 0.04847538843750954
Test Accuracy: 0.82767109798129
Execution time of 'train_GCN_multisparse': 2.700435 seconds
New Sparsifier
MPS backend not available. Using CPU.
Epoch: 0, Loss: 1.9523946046829224
Epoch: 50, Loss: 0.0945163443684578
Epoch: 100, Loss: 0.06407875567674637
Epoch: 150, Loss: 0.05246516689658165
Test Accuracy: 0.8340718857705564
Execution time of 'train_GCN_multisparse': 2.563418 seconds
New Sparsifier
MPS backend not available. Using CPU.
Epoch: 0, Loss: 1.9281920194625854
Epoch: 50, Loss: 0.09759899973869324
Epoch: 100, Loss: 0.06655575335025787
Epoch: 150, Loss: 0.04728388413786888
Test Accuracy: 0.8178237321516494
Execution time of 'train_GCN_multisparse': 2.582422 seconds
New Sparsifier
MPS backend not available. Using CPU.
Epoch: 0, Loss: 1.9448621273040771
Epoch: 50, Loss: 0.10213186591863632
Epoch: 100, Loss: 0.06154827028512955
Epoch: 150, Loss: 0.04751268029212952
Test Accuracy: 0.8168389955686853
Execution time of 'train_GCN_multisparse': 2.598835 seconds
New Sparsifier
MPS backend not available. Using CPU.
Epoch: 0, Loss: 1.9494709968566895
Epoch: 50, Loss: 0.07992547005414963
Epoch: 100, Loss: 0.05670993775129318
Epoch: 150, Loss: 0.0460587777197361
Test Accuracy: 0.828163466272772
Execution time of 'train_GCN_multisparse': 2.757528 seconds
New Sparsifier
MPS backend not available. Using CPU.
Epoch: 0, Loss: 1.9661208391189575
Epoch: 50, Loss: 0.09817124158143997
Epoch: 100, Loss: 0.06816649436950684
Epoch: 150, Loss: 0.05113424360752106
Test Accuracy: 0.8394879369768586
Execution time of 'train_GCN_multisparse': 2.557572 seconds
New Sparsifier
MPS backend not available. Using CPU.
Epoch: 0, Loss: 1.9598170518875122
Epoch: 50, Loss: 0.09032029658555984
Epoch: 100, Loss: 0.05191360041499138
Epoch: 150, Loss: 0.043520938605070114
Test Accuracy: 0.8355489906450024
Execution time of 'train_GCN_multisparse': 2.801895 seconds
New Sparsifier
MPS backend not available. Using CPU.
Epoch: 0, Loss: 1.9626096487045288
Epoch: 50, Loss: 0.08703841269016266
Epoch: 100, Loss: 0.06349270790815353
Epoch: 150, Loss: 0.04741856828331947
Test Accuracy: 0.8261939931068439
Execution time of 'train_GCN_multisparse': 2.794282 seconds
New Sparsifier
MPS backend not available. Using CPU.
Epoch: 0, Loss: 1.9663617610931396
Epoch: 50, Loss: 0.10317390412092209
Epoch: 100, Loss: 0.07467693835496902
Epoch: 150, Loss: 0.061486631631851196
Test Accuracy: 0.8330871491875923
Execution time of 'train_GCN_multisparse': 2.772067 seconds
New Sparsifier
MPS backend not available. Using CPU.
Epoch: 0, Loss: 1.9572315216064453
Epoch: 50, Loss: 0.0948215201497078
Epoch: 100, Loss: 0.07082438468933105
Epoch: 150, Loss: 0.05092846229672432
Test Accuracy: 0.8188084687346134
Execution time of 'train_GCN_multisparse': 2.769816 seconds
New Sparsifier
MPS backend not available. Using CPU.
Epoch: 0, Loss: 1.9521121978759766
Epoch: 50, Loss: 0.08403528481721878
Epoch: 100, Loss: 0.060313496738672256
Epoch: 150, Loss: 0.0438476987183094
Test Accuracy: 0.8330871491875923
Execution time of 'train_GCN_multisparse': 2.778584 seconds
New Sparsifier
MPS backend not available. Using CPU.
Epoch: 0, Loss: 1.9561617374420166
Epoch: 50, Loss: 0.07375940680503845
Epoch: 100, Loss: 0.057235684245824814
Epoch: 150, Loss: 0.04505011811852455
Test Accuracy: 0.8296405711472181
Execution time of 'train_GCN_multisparse': 2.766938 seconds
New Sparsifier
MPS backend not available. Using CPU.
Epoch: 0, Loss: 1.9482593536376953
Epoch: 50, Loss: 0.08447113633155823
Epoch: 100, Loss: 0.06065431609749794
Epoch: 150, Loss: 0.04701702669262886
Test Accuracy: 0.8360413589364845
Execution time of 'train_GCN_multisparse': 2.775604 seconds
New Sparsifier
MPS backend not available. Using CPU.
Epoch: 0, Loss: 1.950506567955017
Epoch: 50, Loss: 0.07453662902116776
Epoch: 100, Loss: 0.05531511455774307
Epoch: 150, Loss: 0.04630262777209282
Test Accuracy: 0.8340718857705564
Execution time of 'train_GCN_multisparse': 2.588809 seconds
New Sparsifier
MPS backend not available. Using CPU.
Epoch: 0, Loss: 1.941483736038208
Epoch: 50, Loss: 0.08613000065088272
Epoch: 100, Loss: 0.06576691567897797
Epoch: 150, Loss: 0.04630102589726448
Test Accuracy: 0.8188084687346134
Execution time of 'train_GCN_multisparse': 2.567271 seconds
New Sparsifier
MPS backend not available. Using CPU.
Epoch: 0, Loss: 1.9341763257980347
Epoch: 50, Loss: 0.10321618616580963
Epoch: 100, Loss: 0.06481382995843887
Epoch: 150, Loss: 0.05738997459411621
Test Accuracy: 0.827178729689808
Execution time of 'train_GCN_multisparse': 2.520013 seconds
New Sparsifier
MPS backend not available. Using CPU.
Epoch: 0, Loss: 1.940269947052002
Epoch: 50, Loss: 0.10266419500112534
Epoch: 100, Loss: 0.06835338473320007
Epoch: 150, Loss: 0.04848373681306839
Test Accuracy: 0.8389955686853766
Execution time of 'train_GCN_multisparse': 2.739747 seconds
New Sparsifier
MPS backend not available. Using CPU.
Epoch: 0, Loss: 1.936777114868164
Epoch: 50, Loss: 0.0962774008512497
Epoch: 100, Loss: 0.06568593531847
Epoch: 150, Loss: 0.05281934142112732
Test Accuracy: 0.8316100443131462
Execution time of 'train_GCN_multisparse': 2.801104 seconds
New Sparsifier
MPS backend not available. Using CPU.
Epoch: 0, Loss: 1.958389163017273
Epoch: 50, Loss: 0.08381716161966324
Epoch: 100, Loss: 0.05976333096623421
Epoch: 150, Loss: 0.04534539580345154
Test Accuracy: 0.8389955686853766
Execution time of 'train_GCN_multisparse': 2.773739 seconds
New Sparsifier
MPS backend not available. Using CPU.
Epoch: 0, Loss: 1.940001130104065
Epoch: 50, Loss: 0.08253293484449387
Epoch: 100, Loss: 0.06278695166110992
Epoch: 150, Loss: 0.04013552516698837
Test Accuracy: 0.8330871491875923
Execution time of 'train_GCN_multisparse': 2.810597 seconds
New Sparsifier
MPS backend not available. Using CPU.
Epoch: 0, Loss: 1.9430831670761108
Epoch: 50, Loss: 0.10373064875602722
Epoch: 100, Loss: 0.06360530108213425
Epoch: 150, Loss: 0.046585630625486374
Test Accuracy: 0.8321024126046282
Execution time of 'train_GCN_multisparse': 2.802958 seconds
New Sparsifier
MPS backend not available. Using CPU.
Epoch: 0, Loss: 1.9542855024337769
Epoch: 50, Loss: 0.08703380823135376
Epoch: 100, Loss: 0.05655386671423912
Epoch: 150, Loss: 0.04658522084355354
Test Accuracy: 0.8350566223535204
Execution time of 'train_GCN_multisparse': 2.804701 seconds
New Sparsifier
MPS backend not available. Using CPU.
Epoch: 0, Loss: 1.9579746723175049
Epoch: 50, Loss: 0.08828461915254593
Epoch: 100, Loss: 0.06006012484431267
Epoch: 150, Loss: 0.04415524750947952
Test Accuracy: 0.8222550467749877
Execution time of 'train_GCN_multisparse': 2.836231 seconds
New Sparsifier
MPS backend not available. Using CPU.
Epoch: 0, Loss: 1.9365230798721313
Epoch: 50, Loss: 0.09683619439601898
Epoch: 100, Loss: 0.07650980353355408
Epoch: 150, Loss: 0.061522044241428375
Test Accuracy: 0.8399803052683407
Execution time of 'train_GCN_multisparse': 2.827689 seconds
New Sparsifier
MPS backend not available. Using CPU.
Epoch: 0, Loss: 1.922399878501892
Epoch: 50, Loss: 0.07893553376197815
Epoch: 100, Loss: 0.06553759425878525
Epoch: 150, Loss: 0.054581668227910995
Test Accuracy: 0.8365337272279665
Execution time of 'train_GCN_multisparse': 2.836747 seconds
New Sparsifier
MPS backend not available. Using CPU.
Epoch: 0, Loss: 1.9488195180892944
Epoch: 50, Loss: 0.0944179967045784
Epoch: 100, Loss: 0.06717105954885483
Epoch: 150, Loss: 0.049475621432065964
Test Accuracy: 0.843426883308715
Execution time of 'train_GCN_multisparse': 2.860411 seconds
New Sparsifier
MPS backend not available. Using CPU.
Epoch: 0, Loss: 1.9429973363876343
Epoch: 50, Loss: 0.07849080115556717
Epoch: 100, Loss: 0.05912599712610245
Epoch: 150, Loss: 0.05069054290652275
Test Accuracy: 0.82767109798129
Execution time of 'train_GCN_multisparse': 2.871155 seconds
New Sparsifier
MPS backend not available. Using CPU.
Epoch: 0, Loss: 1.9551410675048828
Epoch: 50, Loss: 0.09535357356071472
Epoch: 100, Loss: 0.06736908107995987
Epoch: 150, Loss: 0.06282670795917511
Test Accuracy: 0.8257016248153619
Execution time of 'train_GCN_multisparse': 2.850171 seconds
New Sparsifier
MPS backend not available. Using CPU.
Epoch: 0, Loss: 1.9386249780654907
Epoch: 50, Loss: 0.08317721635103226
Epoch: 100, Loss: 0.05831078067421913
Epoch: 150, Loss: 0.046864211559295654
Test Accuracy: 0.8365337272279665
Execution time of 'train_GCN_multisparse': 2.866900 seconds
New Sparsifier
MPS backend not available. Using CPU.
Epoch: 0, Loss: 1.929079532623291
Epoch: 50, Loss: 0.09335135668516159
Epoch: 100, Loss: 0.07206065952777863
Epoch: 150, Loss: 0.05009050294756889
Test Accuracy: 0.827178729689808
Execution time of 'train_GCN_multisparse': 2.843848 seconds
New Sparsifier
MPS backend not available. Using CPU.
Epoch: 0, Loss: 1.9634116888046265
Epoch: 50, Loss: 0.09132534265518188
Epoch: 100, Loss: 0.059654586017131805
Epoch: 150, Loss: 0.05000034719705582
Test Accuracy: 0.8188084687346134
Execution time of 'train_GCN_multisparse': 2.823974 seconds
New Sparsifier
MPS backend not available. Using CPU.
Epoch: 0, Loss: 1.9656411409378052
Epoch: 50, Loss: 0.10896188765764236
Epoch: 100, Loss: 0.06342929601669312
Epoch: 150, Loss: 0.05106576904654503
Test Accuracy: 0.8301329394387001
Execution time of 'train_GCN_multisparse': 2.838464 seconds
New Sparsifier
MPS backend not available. Using CPU.
Epoch: 0, Loss: 1.9441365003585815
Epoch: 50, Loss: 0.0839458480477333
Epoch: 100, Loss: 0.061918728053569794
Epoch: 150, Loss: 0.044155552983284
Test Accuracy: 0.8168389955686853
Execution time of 'train_GCN_multisparse': 2.842619 seconds
New Sparsifier
MPS backend not available. Using CPU.
Epoch: 0, Loss: 1.9548410177230835
Epoch: 50, Loss: 0.09346242994070053
Epoch: 100, Loss: 0.058379653841257095
Epoch: 150, Loss: 0.04345284774899483
Test Accuracy: 0.8394879369768586
Execution time of 'train_GCN_multisparse': 2.847862 seconds
New Sparsifier
MPS backend not available. Using CPU.
Epoch: 0, Loss: 1.9440984725952148
Epoch: 50, Loss: 0.09416764229536057
Epoch: 100, Loss: 0.05948958918452263
Epoch: 150, Loss: 0.0474361926317215
Test Accuracy: 0.8311176760216642
Execution time of 'train_GCN_multisparse': 2.855098 seconds
New Sparsifier
MPS backend not available. Using CPU.
Epoch: 0, Loss: 1.9645626544952393
Epoch: 50, Loss: 0.08069315552711487
Epoch: 100, Loss: 0.05978402495384216
Epoch: 150, Loss: 0.0467001311480999
Test Accuracy: 0.8404726735598228
Execution time of 'train_GCN_multisparse': 2.859361 seconds
New Sparsifier
MPS backend not available. Using CPU.
Epoch: 0, Loss: 1.9546641111373901
Epoch: 50, Loss: 0.10051388293504715
Epoch: 100, Loss: 0.06504783779382706
Epoch: 150, Loss: 0.05346914008259773
Test Accuracy: 0.8301329394387001
Execution time of 'train_GCN_multisparse': 2.878068 seconds
New Sparsifier
MPS backend not available. Using CPU.
Epoch: 0, Loss: 1.9557299613952637
Epoch: 50, Loss: 0.1094360202550888
Epoch: 100, Loss: 0.08046002686023712
Epoch: 150, Loss: 0.06639004498720169
Test Accuracy: 0.8321024126046282
Execution time of 'train_GCN_multisparse': 2.890461 seconds
New Sparsifier
MPS backend not available. Using CPU.
Epoch: 0, Loss: 1.9445884227752686
Epoch: 50, Loss: 0.08700695633888245
Epoch: 100, Loss: 0.06215166300535202
Epoch: 150, Loss: 0.047153692692518234
Test Accuracy: 0.8188084687346134
Execution time of 'train_GCN_multisparse': 2.893295 seconds
New Sparsifier
MPS backend not available. Using CPU.
Epoch: 0, Loss: 1.9419028759002686
Epoch: 50, Loss: 0.11223536729812622
Epoch: 100, Loss: 0.06708637624979019
Epoch: 150, Loss: 0.05859902501106262
Test Accuracy: 0.8394879369768586
Execution time of 'train_GCN_multisparse': 2.885670 seconds
New Sparsifier
MPS backend not available. Using CPU.
Epoch: 0, Loss: 1.9458283185958862
Epoch: 50, Loss: 0.09944029152393341
Epoch: 100, Loss: 0.07005388289690018
Epoch: 150, Loss: 0.058889009058475494
Test Accuracy: 0.8257016248153619
Execution time of 'train_GCN_multisparse': 2.898165 seconds
New Sparsifier
MPS backend not available. Using CPU.
Epoch: 0, Loss: 1.9456400871276855
Epoch: 50, Loss: 0.09583763778209686
Epoch: 100, Loss: 0.06923606246709824
Epoch: 150, Loss: 0.05493590608239174
Test Accuracy: 0.8473658296405712
Execution time of 'train_GCN_multisparse': 2.910147 seconds
New Sparsifier
MPS backend not available. Using CPU.
Epoch: 0, Loss: 1.9492768049240112
Epoch: 50, Loss: 0.10516625642776489
Epoch: 100, Loss: 0.06361473351716995
Epoch: 150, Loss: 0.04832550510764122
Test Accuracy: 0.828163466272772
Execution time of 'train_GCN_multisparse': 2.868044 seconds
New Sparsifier
MPS backend not available. Using CPU.
Epoch: 0, Loss: 1.931423544883728
Epoch: 50, Loss: 0.09998117387294769
Epoch: 100, Loss: 0.07485418021678925
Epoch: 150, Loss: 0.046685148030519485
Test Accuracy: 0.8399803052683407
Execution time of 'train_GCN_multisparse': 2.863457 seconds
New Sparsifier
MPS backend not available. Using CPU.
Epoch: 0, Loss: 1.948037028312683
Epoch: 50, Loss: 0.07980933040380478
Epoch: 100, Loss: 0.06517709791660309
Epoch: 150, Loss: 0.0459817536175251
Test Accuracy: 0.8311176760216642
Execution time of 'train_GCN_multisparse': 2.882210 seconds
New Sparsifier
MPS backend not available. Using CPU.
Epoch: 0, Loss: 1.9644176959991455
Epoch: 50, Loss: 0.09533218294382095
Epoch: 100, Loss: 0.06300447881221771
Epoch: 150, Loss: 0.04972177371382713
Test Accuracy: 0.8389955686853766
Execution time of 'train_GCN_multisparse': 2.955618 seconds
New Sparsifier
MPS backend not available. Using CPU.
Epoch: 0, Loss: 1.9568332433700562
Epoch: 50, Loss: 0.11022397130727768
Epoch: 100, Loss: 0.0714796632528305
Epoch: 150, Loss: 0.05416503921151161
Test Accuracy: 0.8483505662235352
Execution time of 'train_GCN_multisparse': 2.929694 seconds
New Sparsifier
MPS backend not available. Using CPU.
Epoch: 0, Loss: 1.9697800874710083
Epoch: 50, Loss: 0.09901008009910583
Epoch: 100, Loss: 0.059877365827560425
Epoch: 150, Loss: 0.05179283395409584
Test Accuracy: 0.843426883308715
Execution time of 'train_GCN_multisparse': 2.953124 seconds
New Sparsifier
MPS backend not available. Using CPU.
Epoch: 0, Loss: 1.9500837326049805
Epoch: 50, Loss: 0.09692185372114182
Epoch: 100, Loss: 0.06504791229963303
Epoch: 150, Loss: 0.048071637749671936
Test Accuracy: 0.8345642540620384
Execution time of 'train_GCN_multisparse': 2.957765 seconds
New Sparsifier
MPS backend not available. Using CPU.
Epoch: 0, Loss: 1.946956753730774
Epoch: 50, Loss: 0.08042959123849869
Epoch: 100, Loss: 0.06383438408374786
Epoch: 150, Loss: 0.04991733655333519
Test Accuracy: 0.8286558345642541
Execution time of 'train_GCN_multisparse': 2.930854 seconds
New Sparsifier
MPS backend not available. Using CPU.
Epoch: 0, Loss: 1.9214043617248535
Epoch: 50, Loss: 0.09472329169511795
Epoch: 100, Loss: 0.05881088227033615
Epoch: 150, Loss: 0.05135049670934677
Test Accuracy: 0.8183161004431314
Execution time of 'train_GCN_multisparse': 2.823271 seconds
New Sparsifier
MPS backend not available. Using CPU.
Epoch: 0, Loss: 1.9223886728286743
Epoch: 50, Loss: 0.08133765310049057
Epoch: 100, Loss: 0.06260600686073303
Epoch: 150, Loss: 0.049845803529024124
Test Accuracy: 0.8301329394387001
Execution time of 'train_GCN_multisparse': 2.826555 seconds
New Sparsifier
MPS backend not available. Using CPU.
Epoch: 0, Loss: 1.9364514350891113
Epoch: 50, Loss: 0.11267028003931046
Epoch: 100, Loss: 0.07943151146173477
Epoch: 150, Loss: 0.05153362825512886
Test Accuracy: 0.8296405711472181
Execution time of 'train_GCN_multisparse': 2.781178 seconds
New Sparsifier
MPS backend not available. Using CPU.
Epoch: 0, Loss: 1.9276151657104492
Epoch: 50, Loss: 0.09469383955001831
Epoch: 100, Loss: 0.056976567953825
Epoch: 150, Loss: 0.046770162880420685
Test Accuracy: 0.8296405711472181
Execution time of 'train_GCN_multisparse': 2.801848 seconds
New Sparsifier
MPS backend not available. Using CPU.
Epoch: 0, Loss: 1.9407835006713867
Epoch: 50, Loss: 0.09704449772834778
Epoch: 100, Loss: 0.06677402555942535
Epoch: 150, Loss: 0.051885269582271576
Test Accuracy: 0.8370260955194485
Execution time of 'train_GCN_multisparse': 2.773449 seconds
New Sparsifier
MPS backend not available. Using CPU.
Epoch: 0, Loss: 1.9455196857452393
Epoch: 50, Loss: 0.10158985108137131
Epoch: 100, Loss: 0.0634676069021225
Epoch: 150, Loss: 0.04881184175610542
Test Accuracy: 0.826686361398326
Execution time of 'train_GCN_multisparse': 2.825984 seconds
New Sparsifier
MPS backend not available. Using CPU.
Epoch: 0, Loss: 1.9536226987838745
Epoch: 50, Loss: 0.09055931121110916
Epoch: 100, Loss: 0.06193472072482109
Epoch: 150, Loss: 0.051183659583330154
Test Accuracy: 0.8217626784835057
Execution time of 'train_GCN_multisparse': 2.788542 seconds
New Sparsifier
MPS backend not available. Using CPU.
Epoch: 0, Loss: 1.9335447549819946
Epoch: 50, Loss: 0.10859929025173187
Epoch: 100, Loss: 0.07123711705207825
Epoch: 150, Loss: 0.052106332033872604
Test Accuracy: 0.8257016248153619
Execution time of 'train_GCN_multisparse': 2.774482 seconds
New Sparsifier
MPS backend not available. Using CPU.
Epoch: 0, Loss: 1.9472641944885254
Epoch: 50, Loss: 0.07737046480178833
Epoch: 100, Loss: 0.053873661905527115
Epoch: 150, Loss: 0.04463092237710953
Test Accuracy: 0.809945839487937
Execution time of 'train_GCN_multisparse': 2.817187 seconds
New Sparsifier
MPS backend not available. Using CPU.
Epoch: 0, Loss: 1.9461297988891602
Epoch: 50, Loss: 0.10346788913011551
Epoch: 100, Loss: 0.07340623438358307
Epoch: 150, Loss: 0.06150851771235466
Test Accuracy: 0.8247168882323979
Execution time of 'train_GCN_multisparse': 2.831114 seconds
New Sparsifier
MPS backend not available. Using CPU.
Epoch: 0, Loss: 1.9476808309555054
Epoch: 50, Loss: 0.11077689379453659
Epoch: 100, Loss: 0.07353241741657257
Epoch: 150, Loss: 0.05511146038770676
Test Accuracy: 0.8119153126538651
Execution time of 'train_GCN_multisparse': 2.810501 seconds
New Sparsifier
MPS backend not available. Using CPU.
Epoch: 0, Loss: 1.9537413120269775
Epoch: 50, Loss: 0.10015387088060379
Epoch: 100, Loss: 0.054982636123895645
Epoch: 150, Loss: 0.041479647159576416
Test Accuracy: 0.82767109798129
Execution time of 'train_GCN_multisparse': 2.840254 seconds
New Sparsifier
MPS backend not available. Using CPU.
Epoch: 0, Loss: 1.9422783851623535
Epoch: 50, Loss: 0.10584485530853271
Epoch: 100, Loss: 0.06879708915948868
Epoch: 150, Loss: 0.051225822418928146
Test Accuracy: 0.8222550467749877
Execution time of 'train_GCN_multisparse': 2.827273 seconds
New Sparsifier
MPS backend not available. Using CPU.
Epoch: 0, Loss: 1.9519543647766113
Epoch: 50, Loss: 0.09974287450313568
Epoch: 100, Loss: 0.06734763830900192
Epoch: 150, Loss: 0.06275413930416107
Test Accuracy: 0.8301329394387001
Execution time of 'train_GCN_multisparse': 2.816559 seconds
New Sparsifier
MPS backend not available. Using CPU.
Epoch: 0, Loss: 1.923560380935669
Epoch: 50, Loss: 0.10836014151573181
Epoch: 100, Loss: 0.06844401359558105
Epoch: 150, Loss: 0.06123677268624306
Test Accuracy: 0.8296405711472181
Execution time of 'train_GCN_multisparse': 2.780535 seconds
New Sparsifier
MPS backend not available. Using CPU.
Epoch: 0, Loss: 1.9611095190048218
Epoch: 50, Loss: 0.09880701452493668
Epoch: 100, Loss: 0.07158231735229492
Epoch: 150, Loss: 0.055774688720703125
Test Accuracy: 0.8311176760216642
Execution time of 'train_GCN_multisparse': 2.827285 seconds
New Sparsifier
MPS backend not available. Using CPU.
Epoch: 0, Loss: 1.961207628250122
Epoch: 50, Loss: 0.10361313819885254
Epoch: 100, Loss: 0.07147927582263947
Epoch: 150, Loss: 0.05595184862613678
Test Accuracy: 0.8429345150172329
Execution time of 'train_GCN_multisparse': 2.836556 seconds
New Sparsifier
MPS backend not available. Using CPU.
Epoch: 0, Loss: 1.9314650297164917
Epoch: 50, Loss: 0.09341266006231308
Epoch: 100, Loss: 0.06656840443611145
Epoch: 150, Loss: 0.04903082177042961
Test Accuracy: 0.8252092565238799
Execution time of 'train_GCN_multisparse': 2.836488 seconds
New Sparsifier
MPS backend not available. Using CPU.
Epoch: 0, Loss: 1.953931212425232
Epoch: 50, Loss: 0.10403534770011902
Epoch: 100, Loss: 0.06783096492290497
Epoch: 150, Loss: 0.06501632183790207
Test Accuracy: 0.8237321516494338
Execution time of 'train_GCN_multisparse': 2.815572 seconds
New Sparsifier
MPS backend not available. Using CPU.
Epoch: 0, Loss: 1.9614529609680176
Epoch: 50, Loss: 0.11428558826446533
Epoch: 100, Loss: 0.07377662509679794
Epoch: 150, Loss: 0.05873551219701767
Test Accuracy: 0.8197932053175776
Execution time of 'train_GCN_multisparse': 2.831887 seconds
New Sparsifier
MPS backend not available. Using CPU.
Epoch: 0, Loss: 1.9458061456680298
Epoch: 50, Loss: 0.09782350063323975
Epoch: 100, Loss: 0.06058831885457039
Epoch: 150, Loss: 0.05518295243382454
Test Accuracy: 0.827178729689808
Execution time of 'train_GCN_multisparse': 2.819204 seconds
New Sparsifier
MPS backend not available. Using CPU.
Epoch: 0, Loss: 1.9507832527160645
Epoch: 50, Loss: 0.09833506494760513
Epoch: 100, Loss: 0.07059576362371445
Epoch: 150, Loss: 0.0609176829457283
Test Accuracy: 0.8375184638109305
Execution time of 'train_GCN_multisparse': 2.820150 seconds
New Sparsifier
MPS backend not available. Using CPU.
Epoch: 0, Loss: 1.9754337072372437
Epoch: 50, Loss: 0.1119372621178627
Epoch: 100, Loss: 0.07874132692813873
Epoch: 150, Loss: 0.06626968085765839
Test Accuracy: 0.8217626784835057
Execution time of 'train_GCN_multisparse': 2.815622 seconds
New Sparsifier
MPS backend not available. Using CPU.
Epoch: 0, Loss: 1.9430807828903198
Epoch: 50, Loss: 0.1037486344575882
Epoch: 100, Loss: 0.0756346806883812
Epoch: 150, Loss: 0.06205597519874573
Test Accuracy: 0.8330871491875923
Execution time of 'train_GCN_multisparse': 2.830726 seconds
New Sparsifier
MPS backend not available. Using CPU.
Epoch: 0, Loss: 1.9253634214401245
Epoch: 50, Loss: 0.10466944426298141
Epoch: 100, Loss: 0.06907553225755692
Epoch: 150, Loss: 0.05638689547777176
Test Accuracy: 0.8247168882323979
Execution time of 'train_GCN_multisparse': 2.809145 seconds
New Sparsifier
MPS backend not available. Using CPU.
Epoch: 0, Loss: 1.9483603239059448
Epoch: 50, Loss: 0.09319915622472763
Epoch: 100, Loss: 0.06790050864219666
Epoch: 150, Loss: 0.05251218006014824
Test Accuracy: 0.8247168882323979
Execution time of 'train_GCN_multisparse': 2.784403 seconds
New Sparsifier
MPS backend not available. Using CPU.
Epoch: 0, Loss: 1.9591268301010132
Epoch: 50, Loss: 0.09189877659082413
Epoch: 100, Loss: 0.06518200784921646
Epoch: 150, Loss: 0.04458589851856232
Test Accuracy: 0.828163466272772
Execution time of 'train_GCN_multisparse': 2.833068 seconds
New Sparsifier
MPS backend not available. Using CPU.
Epoch: 0, Loss: 1.9289660453796387
Epoch: 50, Loss: 0.13793879747390747
Epoch: 100, Loss: 0.07714881747961044
Epoch: 150, Loss: 0.05854412913322449
Test Accuracy: 0.8316100443131462
Execution time of 'train_GCN_multisparse': 2.858132 seconds
New Sparsifier
MPS backend not available. Using CPU.
Epoch: 0, Loss: 1.9340441226959229
Epoch: 50, Loss: 0.12420564144849777
Epoch: 100, Loss: 0.0858379378914833
Epoch: 150, Loss: 0.05656656250357628
Test Accuracy: 0.8242245199409158
Execution time of 'train_GCN_multisparse': 2.836643 seconds
New Sparsifier
MPS backend not available. Using CPU.
Epoch: 0, Loss: 1.9653700590133667
Epoch: 50, Loss: 0.07665891945362091
Epoch: 100, Loss: 0.05109409987926483
Epoch: 150, Loss: 0.04611784964799881
Test Accuracy: 0.8094534711964549
Execution time of 'train_GCN_multisparse': 2.859645 seconds
New Sparsifier
MPS backend not available. Using CPU.
Epoch: 0, Loss: 1.9643423557281494
Epoch: 50, Loss: 0.11074212938547134
Epoch: 100, Loss: 0.07466667145490646
Epoch: 150, Loss: 0.055651552975177765
Test Accuracy: 0.8212703101920237
Execution time of 'train_GCN_multisparse': 2.812730 seconds
New Sparsifier
MPS backend not available. Using CPU.
Epoch: 0, Loss: 1.945975661277771
Epoch: 50, Loss: 0.08094292134046555
Epoch: 100, Loss: 0.06382296234369278
Epoch: 150, Loss: 0.04747844487428665
Test Accuracy: 0.8301329394387001
Execution time of 'train_GCN_multisparse': 2.859341 seconds
New Sparsifier
MPS backend not available. Using CPU.
Epoch: 0, Loss: 1.940252661705017
Epoch: 50, Loss: 0.10366985946893692
Epoch: 100, Loss: 0.06795644760131836
Epoch: 150, Loss: 0.06105819717049599
Test Accuracy: 0.8296405711472181
Execution time of 'train_GCN_multisparse': 2.823001 seconds
New Sparsifier
MPS backend not available. Using CPU.
Epoch: 0, Loss: 1.9650382995605469
Epoch: 50, Loss: 0.09534064680337906
Epoch: 100, Loss: 0.065146803855896
Epoch: 150, Loss: 0.05289958044886589
Test Accuracy: 0.8207779419005417
Execution time of 'train_GCN_multisparse': 2.835011 seconds
New Sparsifier
MPS backend not available. Using CPU.
Epoch: 0, Loss: 1.946238398551941
Epoch: 50, Loss: 0.11078134179115295
Epoch: 100, Loss: 0.0768284797668457
Epoch: 150, Loss: 0.061766818165779114
Test Accuracy: 0.8365337272279665
Execution time of 'train_GCN_multisparse': 2.836010 seconds
New Sparsifier
MPS backend not available. Using CPU.
Epoch: 0, Loss: 1.9505586624145508
Epoch: 50, Loss: 0.09046568721532822
Epoch: 100, Loss: 0.06927288323640823
Epoch: 150, Loss: 0.057965632528066635
Test Accuracy: 0.8453963564746431
Execution time of 'train_GCN_multisparse': 2.829176 seconds
New Sparsifier
MPS backend not available. Using CPU.
Epoch: 0, Loss: 1.9699320793151855
Epoch: 50, Loss: 0.12766443192958832
Epoch: 100, Loss: 0.06947322934865952
Epoch: 150, Loss: 0.07095421105623245
Test Accuracy: 0.8261939931068439
Execution time of 'train_GCN_multisparse': 2.847452 seconds
New Sparsifier
MPS backend not available. Using CPU.
Epoch: 0, Loss: 1.959439992904663
Epoch: 50, Loss: 0.0989530012011528
Epoch: 100, Loss: 0.07932176440954208
Epoch: 150, Loss: 0.06225631758570671
Test Accuracy: 0.828163466272772
Execution time of 'train_GCN_multisparse': 2.827748 seconds
New Sparsifier
MPS backend not available. Using CPU.
Epoch: 0, Loss: 1.9723396301269531
Epoch: 50, Loss: 0.11529158055782318
Epoch: 100, Loss: 0.0720289871096611
Epoch: 150, Loss: 0.06907232105731964
Test Accuracy: 0.8296405711472181
Execution time of 'train_GCN_multisparse': 2.837981 seconds
New Sparsifier
MPS backend not available. Using CPU.
Epoch: 0, Loss: 1.9553028345108032
Epoch: 50, Loss: 0.1015925407409668
Epoch: 100, Loss: 0.06039026379585266
Epoch: 150, Loss: 0.05233987793326378
Test Accuracy: 0.8345642540620384
Execution time of 'train_GCN_multisparse': 2.843687 seconds
New Sparsifier
MPS backend not available. Using CPU.
Epoch: 0, Loss: 1.941240906715393
Epoch: 50, Loss: 0.09179161489009857
Epoch: 100, Loss: 0.056939173489809036
Epoch: 150, Loss: 0.050001394003629684
Test Accuracy: 0.8301329394387001
Execution time of 'train_GCN_multisparse': 2.874688 seconds
New Sparsifier
MPS backend not available. Using CPU.
Epoch: 0, Loss: 1.931357741355896
Epoch: 50, Loss: 0.10669688135385513
Epoch: 100, Loss: 0.07418248802423477
Epoch: 150, Loss: 0.04949264973402023
Test Accuracy: 0.8389955686853766
Execution time of 'train_GCN_multisparse': 2.888894 seconds
New Sparsifier
MPS backend not available. Using CPU.
Epoch: 0, Loss: 1.946654200553894
Epoch: 50, Loss: 0.11438650637865067
Epoch: 100, Loss: 0.07105054706335068
Epoch: 150, Loss: 0.0565195195376873
Test Accuracy: 0.8153618906942393
Execution time of 'train_GCN_multisparse': 2.838706 seconds
New Sparsifier
MPS backend not available. Using CPU.
Epoch: 0, Loss: 1.9426740407943726
Epoch: 50, Loss: 0.105443574488163
Epoch: 100, Loss: 0.07033747434616089
Epoch: 150, Loss: 0.05445406958460808
Test Accuracy: 0.8389955686853766
Execution time of 'train_GCN_multisparse': 2.895382 seconds
New Sparsifier
MPS backend not available. Using CPU.
Epoch: 0, Loss: 1.9252506494522095
Epoch: 50, Loss: 0.11259764432907104
Epoch: 100, Loss: 0.06758224219083786
Epoch: 150, Loss: 0.057583559304475784
Test Accuracy: 0.8380108321024126
Execution time of 'train_GCN_multisparse': 2.877073 seconds
New Sparsifier
MPS backend not available. Using CPU.
Epoch: 0, Loss: 1.9396557807922363
Epoch: 50, Loss: 0.12605871260166168
Epoch: 100, Loss: 0.0779818668961525
Epoch: 150, Loss: 0.06108624115586281
Test Accuracy: 0.8399803052683407
Execution time of 'train_GCN_multisparse': 2.927994 seconds
New Sparsifier
MPS backend not available. Using CPU.
Epoch: 0, Loss: 1.943989872932434
Epoch: 50, Loss: 0.12633265554904938
Epoch: 100, Loss: 0.08238857239484787
Epoch: 150, Loss: 0.07404067367315292
Test Accuracy: 0.8562284588872476
Execution time of 'train_GCN_multisparse': 2.904564 seconds
New Sparsifier
MPS backend not available. Using CPU.
Epoch: 0, Loss: 1.9639674425125122
Epoch: 50, Loss: 0.08941228687763214
Epoch: 100, Loss: 0.07070235162973404
Epoch: 150, Loss: 0.04915916547179222
Test Accuracy: 0.8537666174298375
Execution time of 'train_GCN_multisparse': 2.940867 seconds
New Sparsifier
MPS backend not available. Using CPU.
Epoch: 0, Loss: 1.9476656913757324
Epoch: 50, Loss: 0.12547150254249573
Epoch: 100, Loss: 0.08043443411588669
Epoch: 150, Loss: 0.0604725256562233
Test Accuracy: 0.8296405711472181
Execution time of 'train_GCN_multisparse': 2.965776 seconds
New Sparsifier
MPS backend not available. Using CPU.
Epoch: 0, Loss: 1.9379992485046387
Epoch: 50, Loss: 0.11014937609434128
Epoch: 100, Loss: 0.07097518444061279
Epoch: 150, Loss: 0.06351593136787415
Test Accuracy: 0.843919251600197
Execution time of 'train_GCN_multisparse': 2.952724 seconds
New Sparsifier
MPS backend not available. Using CPU.
Epoch: 0, Loss: 1.9475353956222534
Epoch: 50, Loss: 0.10231301188468933
Epoch: 100, Loss: 0.07120686769485474
Epoch: 150, Loss: 0.05524839460849762
Test Accuracy: 0.8163466272772033
Execution time of 'train_GCN_multisparse': 2.800241 seconds
New Sparsifier
MPS backend not available. Using CPU.
Epoch: 0, Loss: 1.948164701461792
Epoch: 50, Loss: 0.10177218914031982
Epoch: 100, Loss: 0.06859099864959717
Epoch: 150, Loss: 0.05576479434967041
Test Accuracy: 0.8158542589857213
Execution time of 'train_GCN_multisparse': 2.815989 seconds
New Sparsifier
MPS backend not available. Using CPU.
Epoch: 0, Loss: 1.936281681060791
Epoch: 50, Loss: 0.08487468957901001
Epoch: 100, Loss: 0.06037232279777527
Epoch: 150, Loss: 0.04749780893325806
Test Accuracy: 0.8311176760216642
Execution time of 'train_GCN_multisparse': 2.807232 seconds
New Sparsifier
MPS backend not available. Using CPU.
Epoch: 0, Loss: 1.945948600769043
Epoch: 50, Loss: 0.07626768946647644
Epoch: 100, Loss: 0.05783607438206673
Epoch: 150, Loss: 0.04108291119337082
Test Accuracy: 0.8375184638109305
Execution time of 'train_GCN_multisparse': 2.802714 seconds
New Sparsifier
MPS backend not available. Using CPU.
Epoch: 0, Loss: 1.9524446725845337
Epoch: 50, Loss: 0.10148081928491592
Epoch: 100, Loss: 0.061951201409101486
Epoch: 150, Loss: 0.06582462042570114
Test Accuracy: 0.8311176760216642
Execution time of 'train_GCN_multisparse': 2.874237 seconds
New Sparsifier
MPS backend not available. Using CPU.
Epoch: 0, Loss: 1.9383612871170044
Epoch: 50, Loss: 0.08974319696426392
Epoch: 100, Loss: 0.05000007152557373
Epoch: 150, Loss: 0.05103662610054016
Test Accuracy: 0.8350566223535204
Execution time of 'train_GCN_multisparse': 2.870893 seconds
New Sparsifier
MPS backend not available. Using CPU.
Epoch: 0, Loss: 1.9383364915847778
Epoch: 50, Loss: 0.09785199910402298
Epoch: 100, Loss: 0.060163725167512894
Epoch: 150, Loss: 0.046972353011369705
Test Accuracy: 0.8202855736090596
Execution time of 'train_GCN_multisparse': 2.839283 seconds
New Sparsifier
MPS backend not available. Using CPU.
Epoch: 0, Loss: 1.9514623880386353
Epoch: 50, Loss: 0.08887198567390442
Epoch: 100, Loss: 0.0708191990852356
Epoch: 150, Loss: 0.05041924864053726
Test Accuracy: 0.8311176760216642
Execution time of 'train_GCN_multisparse': 2.837883 seconds
New Sparsifier
MPS backend not available. Using CPU.
Epoch: 0, Loss: 1.946179747581482
Epoch: 50, Loss: 0.09122450649738312
Epoch: 100, Loss: 0.06215239316225052
Epoch: 150, Loss: 0.05017027258872986
Test Accuracy: 0.8301329394387001
Execution time of 'train_GCN_multisparse': 2.853373 seconds
New Sparsifier
MPS backend not available. Using CPU.
Epoch: 0, Loss: 1.9461556673049927
Epoch: 50, Loss: 0.08927851170301437
Epoch: 100, Loss: 0.0842239260673523
Epoch: 150, Loss: 0.04958610609173775
Test Accuracy: 0.8345642540620384
Execution time of 'train_GCN_multisparse': 2.873687 seconds
New Sparsifier
MPS backend not available. Using CPU.
Epoch: 0, Loss: 1.9600605964660645
Epoch: 50, Loss: 0.09892136603593826
Epoch: 100, Loss: 0.05306411162018776
Epoch: 150, Loss: 0.049609459936618805
Test Accuracy: 0.8453963564746431
Execution time of 'train_GCN_multisparse': 2.875025 seconds
New Sparsifier
MPS backend not available. Using CPU.
Epoch: 0, Loss: 1.9506241083145142
Epoch: 50, Loss: 0.09339506924152374
Epoch: 100, Loss: 0.06975036859512329
Epoch: 150, Loss: 0.06016363203525543
Test Accuracy: 0.8237321516494338
Execution time of 'train_GCN_multisparse': 2.818208 seconds
New Sparsifier
MPS backend not available. Using CPU.
Epoch: 0, Loss: 1.9299118518829346
Epoch: 50, Loss: 0.0727720558643341
Epoch: 100, Loss: 0.0598941445350647
Epoch: 150, Loss: 0.04783114045858383
Test Accuracy: 0.8306253077301822
Execution time of 'train_GCN_multisparse': 2.677880 seconds
New Sparsifier
MPS backend not available. Using CPU.
Epoch: 0, Loss: 1.9215340614318848
Epoch: 50, Loss: 0.09542489796876907
Epoch: 100, Loss: 0.06500557065010071
Epoch: 150, Loss: 0.06344397366046906
Test Accuracy: 0.8483505662235352
Execution time of 'train_GCN_multisparse': 2.868369 seconds
New Sparsifier
MPS backend not available. Using CPU.
Epoch: 0, Loss: 1.9540318250656128
Epoch: 50, Loss: 0.08926893770694733
Epoch: 100, Loss: 0.06227707490324974
Epoch: 150, Loss: 0.04465288296341896
Test Accuracy: 0.8345642540620384
Execution time of 'train_GCN_multisparse': 2.859945 seconds
New Sparsifier
MPS backend not available. Using CPU.
Epoch: 0, Loss: 1.9481627941131592
Epoch: 50, Loss: 0.0845586284995079
Epoch: 100, Loss: 0.0641290619969368
Epoch: 150, Loss: 0.05207976698875427
Test Accuracy: 0.8212703101920237
Execution time of 'train_GCN_multisparse': 2.914926 seconds
New Sparsifier
MPS backend not available. Using CPU.
Epoch: 0, Loss: 1.9583911895751953
Epoch: 50, Loss: 0.10977736115455627
Epoch: 100, Loss: 0.07755246758460999
Epoch: 150, Loss: 0.04963386058807373
Test Accuracy: 0.827178729689808
Execution time of 'train_GCN_multisparse': 2.849545 seconds
New Sparsifier
MPS backend not available. Using CPU.
Epoch: 0, Loss: 1.9608489274978638
Epoch: 50, Loss: 0.10091978311538696
Epoch: 100, Loss: 0.06809065490961075
Epoch: 150, Loss: 0.0563456267118454
Test Accuracy: 0.8222550467749877
Execution time of 'train_GCN_multisparse': 2.895339 seconds
New Sparsifier
MPS backend not available. Using CPU.
Epoch: 0, Loss: 1.9422621726989746
Epoch: 50, Loss: 0.08814145624637604
Epoch: 100, Loss: 0.062240712344646454
Epoch: 150, Loss: 0.053683049976825714
Test Accuracy: 0.8375184638109305
Execution time of 'train_GCN_multisparse': 2.818492 seconds
New Sparsifier
MPS backend not available. Using CPU.
Epoch: 0, Loss: 1.9351927042007446
Epoch: 50, Loss: 0.10067930817604065
Epoch: 100, Loss: 0.0731668546795845
Epoch: 150, Loss: 0.05914175510406494
Test Accuracy: 0.8242245199409158
Execution time of 'train_GCN_multisparse': 2.850282 seconds
New Sparsifier
MPS backend not available. Using CPU.
Epoch: 0, Loss: 1.9540846347808838
Epoch: 50, Loss: 0.10494997352361679
Epoch: 100, Loss: 0.065888412296772
Epoch: 150, Loss: 0.05690079554915428
Test Accuracy: 0.8296405711472181
Execution time of 'train_GCN_multisparse': 2.922744 seconds
New Sparsifier
MPS backend not available. Using CPU.
Epoch: 0, Loss: 1.934369444847107
Epoch: 50, Loss: 0.07873011380434036
Epoch: 100, Loss: 0.05339941754937172
Epoch: 150, Loss: 0.04126741364598274
Test Accuracy: 0.8325947808961103
Execution time of 'train_GCN_multisparse': 2.856404 seconds
New Sparsifier
MPS backend not available. Using CPU.
Epoch: 0, Loss: 1.9304262399673462
Epoch: 50, Loss: 0.08747325837612152
Epoch: 100, Loss: 0.06220370903611183
Epoch: 150, Loss: 0.05271478742361069
Test Accuracy: 0.8306253077301822
Execution time of 'train_GCN_multisparse': 2.814754 seconds
New Sparsifier
MPS backend not available. Using CPU.
Epoch: 0, Loss: 1.9346833229064941
Epoch: 50, Loss: 0.08487866073846817
Epoch: 100, Loss: 0.057397548109292984
Epoch: 150, Loss: 0.04474380239844322
Test Accuracy: 0.8360413589364845
Execution time of 'train_GCN_multisparse': 2.838816 seconds
New Sparsifier
MPS backend not available. Using CPU.
Epoch: 0, Loss: 1.934454321861267
Epoch: 50, Loss: 0.09606701135635376
Epoch: 100, Loss: 0.05931180343031883
Epoch: 150, Loss: 0.046461354941129684
Test Accuracy: 0.8389955686853766
Execution time of 'train_GCN_multisparse': 2.887103 seconds
New Sparsifier
MPS backend not available. Using CPU.
Epoch: 0, Loss: 1.9613653421401978
Epoch: 50, Loss: 0.09661662578582764
Epoch: 100, Loss: 0.06362739205360413
Epoch: 150, Loss: 0.048960354179143906
Test Accuracy: 0.8355489906450024
Execution time of 'train_GCN_multisparse': 2.842743 seconds
New Sparsifier
MPS backend not available. Using CPU.
Epoch: 0, Loss: 1.9609736204147339
Epoch: 50, Loss: 0.10516080260276794
Epoch: 100, Loss: 0.06385757774114609
Epoch: 150, Loss: 0.04696070775389671
Test Accuracy: 0.8301329394387001
Execution time of 'train_GCN_multisparse': 2.852734 seconds
New Sparsifier
MPS backend not available. Using CPU.
Epoch: 0, Loss: 1.9633750915527344
Epoch: 50, Loss: 0.09032995998859406
Epoch: 100, Loss: 0.06108253821730614
Epoch: 150, Loss: 0.04244473576545715
Test Accuracy: 0.8380108321024126
Execution time of 'train_GCN_multisparse': 2.861747 seconds
New Sparsifier
MPS backend not available. Using CPU.
Epoch: 0, Loss: 1.9792977571487427
Epoch: 50, Loss: 0.12559501826763153
Epoch: 100, Loss: 0.07155506312847137
Epoch: 150, Loss: 0.0686163529753685
Test Accuracy: 0.828163466272772
Execution time of 'train_GCN_multisparse': 2.838501 seconds
New Sparsifier
MPS backend not available. Using CPU.
Epoch: 0, Loss: 1.9420815706253052
Epoch: 50, Loss: 0.09934092313051224
Epoch: 100, Loss: 0.06531905382871628
Epoch: 150, Loss: 0.058338575065135956
Test Accuracy: 0.8385032003938946
Execution time of 'train_GCN_multisparse': 2.823370 seconds
New Sparsifier
MPS backend not available. Using CPU.
Epoch: 0, Loss: 1.931823968887329
Epoch: 50, Loss: 0.0994822308421135
Epoch: 100, Loss: 0.06155902147293091
Epoch: 150, Loss: 0.04437253251671791
Test Accuracy: 0.8296405711472181
Execution time of 'train_GCN_multisparse': 2.897998 seconds
New Sparsifier
MPS backend not available. Using CPU.
Epoch: 0, Loss: 1.945251226425171
Epoch: 50, Loss: 0.09698888659477234
Epoch: 100, Loss: 0.07118874788284302
Epoch: 150, Loss: 0.056789375841617584
Test Accuracy: 0.8306253077301822
Execution time of 'train_GCN_multisparse': 2.845738 seconds
New Sparsifier
MPS backend not available. Using CPU.
Epoch: 0, Loss: 1.9631234407424927
Epoch: 50, Loss: 0.09858184307813644
Epoch: 100, Loss: 0.06364884972572327
Epoch: 150, Loss: 0.05135733634233475
Test Accuracy: 0.8257016248153619
Execution time of 'train_GCN_multisparse': 2.879376 seconds
New Sparsifier
MPS backend not available. Using CPU.
Epoch: 0, Loss: 1.9446325302124023
Epoch: 50, Loss: 0.09724032878875732
Epoch: 100, Loss: 0.07242881506681442
Epoch: 150, Loss: 0.05361049249768257
Test Accuracy: 0.8380108321024126
Execution time of 'train_GCN_multisparse': 2.869633 seconds
New Sparsifier
MPS backend not available. Using CPU.
Epoch: 0, Loss: 1.95585036277771
Epoch: 50, Loss: 0.09220932424068451
Epoch: 100, Loss: 0.06244371458888054
Epoch: 150, Loss: 0.05152709409594536
Test Accuracy: 0.8330871491875923
Execution time of 'train_GCN_multisparse': 2.814452 seconds
New Sparsifier
MPS backend not available. Using CPU.
Epoch: 0, Loss: 1.969303011894226
Epoch: 50, Loss: 0.11873988807201385
Epoch: 100, Loss: 0.07213722914457321
Epoch: 150, Loss: 0.061846937984228134
Test Accuracy: 0.8330871491875923
Execution time of 'train_GCN_multisparse': 2.848174 seconds
New Sparsifier
MPS backend not available. Using CPU.
Epoch: 0, Loss: 1.9499495029449463
Epoch: 50, Loss: 0.0952683538198471
Epoch: 100, Loss: 0.06712403893470764
Epoch: 150, Loss: 0.05387738719582558
Test Accuracy: 0.8375184638109305
Execution time of 'train_GCN_multisparse': 2.888186 seconds
New Sparsifier
MPS backend not available. Using CPU.
Epoch: 0, Loss: 1.958102822303772
Epoch: 50, Loss: 0.11268030852079391
Epoch: 100, Loss: 0.07572396099567413
Epoch: 150, Loss: 0.053394865244627
Test Accuracy: 0.8247168882323979
Execution time of 'train_GCN_multisparse': 2.871631 seconds
New Sparsifier
MPS backend not available. Using CPU.
Epoch: 0, Loss: 1.9403544664382935
Epoch: 50, Loss: 0.08559282124042511
Epoch: 100, Loss: 0.05924030393362045
Epoch: 150, Loss: 0.04587399959564209
Test Accuracy: 0.8389955686853766
Execution time of 'train_GCN_multisparse': 2.865191 seconds
New Sparsifier
MPS backend not available. Using CPU.
Epoch: 0, Loss: 1.9600317478179932
Epoch: 50, Loss: 0.10643824934959412
Epoch: 100, Loss: 0.0687384083867073
Epoch: 150, Loss: 0.054915789514780045
Test Accuracy: 0.8355489906450024
Execution time of 'train_GCN_multisparse': 2.868149 seconds
New Sparsifier
MPS backend not available. Using CPU.
Epoch: 0, Loss: 1.9621349573135376
Epoch: 50, Loss: 0.0905928760766983
Epoch: 100, Loss: 0.06585215777158737
Epoch: 150, Loss: 0.054997071623802185
Test Accuracy: 0.8375184638109305
Execution time of 'train_GCN_multisparse': 2.878943 seconds
New Sparsifier
MPS backend not available. Using CPU.
Epoch: 0, Loss: 1.960584044456482
Epoch: 50, Loss: 0.09922165423631668
Epoch: 100, Loss: 0.07499048858880997
Epoch: 150, Loss: 0.059913523495197296
Test Accuracy: 0.8389955686853766
Execution time of 'train_GCN_multisparse': 2.895920 seconds
New Sparsifier
MPS backend not available. Using CPU.
Epoch: 0, Loss: 1.9345946311950684
Epoch: 50, Loss: 0.09088771790266037
Epoch: 100, Loss: 0.06266792863607407
Epoch: 150, Loss: 0.054982613772153854
Test Accuracy: 0.8478581979320532
Execution time of 'train_GCN_multisparse': 2.910850 seconds
New Sparsifier
MPS backend not available. Using CPU.
Epoch: 0, Loss: 1.9582868814468384
Epoch: 50, Loss: 0.11203429102897644
Epoch: 100, Loss: 0.05863292142748833
Epoch: 150, Loss: 0.06294054538011551
Test Accuracy: 0.8316100443131462
Execution time of 'train_GCN_multisparse': 2.941046 seconds
New Sparsifier
MPS backend not available. Using CPU.
Epoch: 0, Loss: 1.9176274538040161
Epoch: 50, Loss: 0.09719914942979813
Epoch: 100, Loss: 0.056029900908470154
Epoch: 150, Loss: 0.056524086743593216
Test Accuracy: 0.826686361398326
Execution time of 'train_GCN_multisparse': 2.961444 seconds
New Sparsifier
MPS backend not available. Using CPU.
Epoch: 0, Loss: 1.9472931623458862
Epoch: 50, Loss: 0.11982748657464981
Epoch: 100, Loss: 0.07436153292655945
Epoch: 150, Loss: 0.06189173460006714
Test Accuracy: 0.8453963564746431
Execution time of 'train_GCN_multisparse': 2.990841 seconds
New Sparsifier
MPS backend not available. Using CPU.
Epoch: 0, Loss: 1.9399075508117676
Epoch: 50, Loss: 0.09741346538066864
Epoch: 100, Loss: 0.06519875675439835
Epoch: 150, Loss: 0.05154799297451973
Test Accuracy: 0.8414574101427869
Execution time of 'train_GCN_multisparse': 2.956636 seconds
New Sparsifier
MPS backend not available. Using CPU.
Epoch: 0, Loss: 1.9455227851867676
Epoch: 50, Loss: 0.09725982695817947
Epoch: 100, Loss: 0.06510447710752487
Epoch: 150, Loss: 0.04991217702627182
Test Accuracy: 0.8478581979320532
Execution time of 'train_GCN_multisparse': 3.046517 seconds
New Sparsifier
MPS backend not available. Using CPU.
Epoch: 0, Loss: 1.9393559694290161
Epoch: 50, Loss: 0.09692079573869705
Epoch: 100, Loss: 0.06479264795780182
Epoch: 150, Loss: 0.05587577447295189
Test Accuracy: 0.8591826686361398
Execution time of 'train_GCN_multisparse': 2.959515 seconds
New Sparsifier
MPS backend not available. Using CPU.
Epoch: 0, Loss: 1.966261863708496
Epoch: 50, Loss: 0.09846896678209305
Epoch: 100, Loss: 0.06880384683609009
Epoch: 150, Loss: 0.05625222623348236
Test Accuracy: 0.8325947808961103
Execution time of 'train_GCN_multisparse': 2.942822 seconds
New Sparsifier
MPS backend not available. Using CPU.
Epoch: 0, Loss: 1.948333740234375
Epoch: 50, Loss: 0.0902777686715126
Epoch: 100, Loss: 0.06135847046971321
Epoch: 150, Loss: 0.050611644983291626
Test Accuracy: 0.8261939931068439
Execution time of 'train_GCN_multisparse': 2.882819 seconds
New Sparsifier
MPS backend not available. Using CPU.
Epoch: 0, Loss: 1.9566843509674072
Epoch: 50, Loss: 0.11221960186958313
Epoch: 100, Loss: 0.05885980278253555
Epoch: 150, Loss: 0.05574909597635269
Test Accuracy: 0.8330871491875923
Execution time of 'train_GCN_multisparse': 2.825042 seconds
New Sparsifier
MPS backend not available. Using CPU.
Epoch: 0, Loss: 1.9433298110961914
Epoch: 50, Loss: 0.10089690238237381
Epoch: 100, Loss: 0.07111404091119766
Epoch: 150, Loss: 0.06027181074023247
Test Accuracy: 0.82767109798129
Execution time of 'train_GCN_multisparse': 2.817340 seconds
New Sparsifier
MPS backend not available. Using CPU.
Epoch: 0, Loss: 1.9417730569839478
Epoch: 50, Loss: 0.0857415571808815
Epoch: 100, Loss: 0.057606182992458344
Epoch: 150, Loss: 0.04087916761636734
Test Accuracy: 0.8227474150664698
Execution time of 'train_GCN_multisparse': 2.821097 seconds
New Sparsifier
MPS backend not available. Using CPU.
Epoch: 0, Loss: 1.9418646097183228
Epoch: 50, Loss: 0.12596485018730164
Epoch: 100, Loss: 0.08615471422672272
Epoch: 150, Loss: 0.06683555990457535
Test Accuracy: 0.826686361398326
Execution time of 'train_GCN_multisparse': 2.830103 seconds
New Sparsifier
MPS backend not available. Using CPU.
Epoch: 0, Loss: 1.9316959381103516
Epoch: 50, Loss: 0.09675875306129456
Epoch: 100, Loss: 0.06932036578655243
Epoch: 150, Loss: 0.05620625242590904
Test Accuracy: 0.844411619891679
Execution time of 'train_GCN_multisparse': 2.834653 seconds
New Sparsifier
MPS backend not available. Using CPU.
Epoch: 0, Loss: 1.96351158618927
Epoch: 50, Loss: 0.09157788753509521
Epoch: 100, Loss: 0.06099141389131546
Epoch: 150, Loss: 0.04419412091374397
Test Accuracy: 0.8385032003938946
Execution time of 'train_GCN_multisparse': 2.812914 seconds
New Sparsifier
MPS backend not available. Using CPU.
Epoch: 0, Loss: 1.9392054080963135
Epoch: 50, Loss: 0.10338003188371658
Epoch: 100, Loss: 0.08877236396074295
Epoch: 150, Loss: 0.06668376177549362
Test Accuracy: 0.8217626784835057
Execution time of 'train_GCN_multisparse': 2.822187 seconds
New Sparsifier
MPS backend not available. Using CPU.
Epoch: 0, Loss: 1.9483973979949951
Epoch: 50, Loss: 0.09400541335344315
Epoch: 100, Loss: 0.07571496069431305
Epoch: 150, Loss: 0.04717814549803734
Test Accuracy: 0.8340718857705564
Execution time of 'train_GCN_multisparse': 2.828234 seconds
New Sparsifier
MPS backend not available. Using CPU.
Epoch: 0, Loss: 1.9544708728790283
Epoch: 50, Loss: 0.11332311481237411
Epoch: 100, Loss: 0.0715143084526062
Epoch: 150, Loss: 0.052369870245456696
Test Accuracy: 0.8335795174790743
Execution time of 'train_GCN_multisparse': 2.775847 seconds
New Sparsifier
MPS backend not available. Using CPU.
Epoch: 0, Loss: 1.9551067352294922
Epoch: 50, Loss: 0.10978355258703232
Epoch: 100, Loss: 0.07163141667842865
Epoch: 150, Loss: 0.06157773360610008
Test Accuracy: 0.8291482028557361
Execution time of 'train_GCN_multisparse': 2.825263 seconds
New Sparsifier
MPS backend not available. Using CPU.
Epoch: 0, Loss: 1.9637095928192139
Epoch: 50, Loss: 0.10966911911964417
Epoch: 100, Loss: 0.06558917462825775
Epoch: 150, Loss: 0.045663755387067795
Test Accuracy: 0.828163466272772
Execution time of 'train_GCN_multisparse': 2.796492 seconds
New Sparsifier
MPS backend not available. Using CPU.
Epoch: 0, Loss: 1.9502766132354736
Epoch: 50, Loss: 0.11990347504615784
Epoch: 100, Loss: 0.07816729694604874
Epoch: 150, Loss: 0.058382075279951096
Test Accuracy: 0.827178729689808
Execution time of 'train_GCN_multisparse': 2.824264 seconds
New Sparsifier
MPS backend not available. Using CPU.
Epoch: 0, Loss: 1.9521985054016113
Epoch: 50, Loss: 0.0940496176481247
Epoch: 100, Loss: 0.061343006789684296
Epoch: 150, Loss: 0.04023561626672745
Test Accuracy: 0.8261939931068439
Execution time of 'train_GCN_multisparse': 2.786004 seconds
New Sparsifier
MPS backend not available. Using CPU.
Epoch: 0, Loss: 1.9450395107269287
Epoch: 50, Loss: 0.11464880406856537
Epoch: 100, Loss: 0.08241934329271317
Epoch: 150, Loss: 0.05469391122460365
Test Accuracy: 0.8350566223535204
Execution time of 'train_GCN_multisparse': 2.802509 seconds
New Sparsifier
MPS backend not available. Using CPU.
Epoch: 0, Loss: 1.9425249099731445
Epoch: 50, Loss: 0.08648218214511871
Epoch: 100, Loss: 0.06037289276719093
Epoch: 150, Loss: 0.044255685061216354
Test Accuracy: 0.8340718857705564
Execution time of 'train_GCN_multisparse': 2.799461 seconds
New Sparsifier
MPS backend not available. Using CPU.
Epoch: 0, Loss: 1.954067349433899
Epoch: 50, Loss: 0.1188245490193367
Epoch: 100, Loss: 0.07692807167768478
Epoch: 150, Loss: 0.0570383220911026
Test Accuracy: 0.8399803052683407
Execution time of 'train_GCN_multisparse': 2.810524 seconds
New Sparsifier
MPS backend not available. Using CPU.
Epoch: 0, Loss: 1.9257806539535522
Epoch: 50, Loss: 0.06866881251335144
Epoch: 100, Loss: 0.04996764287352562
Epoch: 150, Loss: 0.04340923950076103
Test Accuracy: 0.8355489906450024
Execution time of 'train_GCN_multisparse': 2.846293 seconds
New Sparsifier
MPS backend not available. Using CPU.
Epoch: 0, Loss: 1.9584784507751465
Epoch: 50, Loss: 0.12374220043420792
Epoch: 100, Loss: 0.0637689158320427
Epoch: 150, Loss: 0.05361861735582352
Test Accuracy: 0.8365337272279665
Execution time of 'train_GCN_multisparse': 2.821874 seconds
New Sparsifier
MPS backend not available. Using CPU.
Epoch: 0, Loss: 1.9510902166366577
Epoch: 50, Loss: 0.07119990140199661
Epoch: 100, Loss: 0.06277084350585938
Epoch: 150, Loss: 0.04680316522717476
Test Accuracy: 0.8306253077301822
Execution time of 'train_GCN_multisparse': 2.886653 seconds
New Sparsifier
MPS backend not available. Using CPU.
Epoch: 0, Loss: 1.9155017137527466
Epoch: 50, Loss: 0.10211705416440964
Epoch: 100, Loss: 0.061458684504032135
Epoch: 150, Loss: 0.05029931291937828
Test Accuracy: 0.8222550467749877
Execution time of 'train_GCN_multisparse': 2.893612 seconds
New Sparsifier
MPS backend not available. Using CPU.
Epoch: 0, Loss: 1.9573229551315308
Epoch: 50, Loss: 0.12416096031665802
Epoch: 100, Loss: 0.07822086662054062
Epoch: 150, Loss: 0.06644366681575775
Test Accuracy: 0.8227474150664698
Execution time of 'train_GCN_multisparse': 2.823555 seconds
New Sparsifier
MPS backend not available. Using CPU.
Epoch: 0, Loss: 1.9349751472473145
Epoch: 50, Loss: 0.08753746747970581
Epoch: 100, Loss: 0.055488552898168564
Epoch: 150, Loss: 0.042828746140003204
Test Accuracy: 0.826686361398326
Execution time of 'train_GCN_multisparse': 2.886129 seconds
New Sparsifier
MPS backend not available. Using CPU.
Epoch: 0, Loss: 1.9232754707336426
Epoch: 50, Loss: 0.10359836369752884
Epoch: 100, Loss: 0.07440263032913208
Epoch: 150, Loss: 0.05935661122202873
Test Accuracy: 0.8419497784342689
Execution time of 'train_GCN_multisparse': 2.847490 seconds
New Sparsifier
MPS backend not available. Using CPU.
Epoch: 0, Loss: 1.9541620016098022
Epoch: 50, Loss: 0.09635318070650101
Epoch: 100, Loss: 0.06002315133810043
Epoch: 150, Loss: 0.049557432532310486
Test Accuracy: 0.8291482028557361
Execution time of 'train_GCN_multisparse': 2.891699 seconds
New Sparsifier
MPS backend not available. Using CPU.
Epoch: 0, Loss: 1.9486432075500488
Epoch: 50, Loss: 0.08963481336832047
Epoch: 100, Loss: 0.0605430044233799
Epoch: 150, Loss: 0.05095222219824791
Test Accuracy: 0.8321024126046282
Execution time of 'train_GCN_multisparse': 2.881849 seconds
New Sparsifier
MPS backend not available. Using CPU.
Epoch: 0, Loss: 1.955014705657959
Epoch: 50, Loss: 0.09962062537670135
Epoch: 100, Loss: 0.06951704621315002
Epoch: 150, Loss: 0.052269913256168365
Test Accuracy: 0.8079763663220089
Execution time of 'train_GCN_multisparse': 2.815040 seconds
New Sparsifier
MPS backend not available. Using CPU.
Epoch: 0, Loss: 1.9475165605545044
Epoch: 50, Loss: 0.09680519253015518
Epoch: 100, Loss: 0.06367897987365723
Epoch: 150, Loss: 0.04226396977901459
Test Accuracy: 0.8453963564746431
Execution time of 'train_GCN_multisparse': 2.812066 seconds
New Sparsifier
MPS backend not available. Using CPU.
Epoch: 0, Loss: 1.947898507118225
Epoch: 50, Loss: 0.09537121653556824
Epoch: 100, Loss: 0.06365693360567093
Epoch: 150, Loss: 0.05565529316663742
Test Accuracy: 0.8355489906450024
Execution time of 'train_GCN_multisparse': 2.846987 seconds
New Sparsifier
MPS backend not available. Using CPU.
Epoch: 0, Loss: 1.9618796110153198
Epoch: 50, Loss: 0.09542952477931976
Epoch: 100, Loss: 0.0727957934141159
Epoch: 150, Loss: 0.058527857065200806
Test Accuracy: 0.8311176760216642
Execution time of 'train_GCN_multisparse': 2.838962 seconds
New Sparsifier
MPS backend not available. Using CPU.
Epoch: 0, Loss: 1.9369667768478394
Epoch: 50, Loss: 0.0963834673166275
Epoch: 100, Loss: 0.06609104573726654
Epoch: 150, Loss: 0.05691033601760864
Test Accuracy: 0.8286558345642541
Execution time of 'train_GCN_multisparse': 2.867879 seconds
New Sparsifier
MPS backend not available. Using CPU.
Epoch: 0, Loss: 1.9519469738006592
Epoch: 50, Loss: 0.10078216344118118
Epoch: 100, Loss: 0.07519296556711197
Epoch: 150, Loss: 0.06204850226640701
Test Accuracy: 0.8330871491875923
Execution time of 'train_GCN_multisparse': 2.902808 seconds
New Sparsifier
MPS backend not available. Using CPU.
Epoch: 0, Loss: 1.956580638885498
Epoch: 50, Loss: 0.0999416634440422
Epoch: 100, Loss: 0.07188782840967178
Epoch: 150, Loss: 0.05549221485853195
Test Accuracy: 0.8296405711472181
Execution time of 'train_GCN_multisparse': 2.867371 seconds
New Sparsifier
MPS backend not available. Using CPU.
Epoch: 0, Loss: 1.9636954069137573
Epoch: 50, Loss: 0.09711412340402603
Epoch: 100, Loss: 0.07236790657043457
Epoch: 150, Loss: 0.0510048009455204
Test Accuracy: 0.8306253077301822
Execution time of 'train_GCN_multisparse': 2.861933 seconds
New Sparsifier
MPS backend not available. Using CPU.
Epoch: 0, Loss: 1.9547661542892456
Epoch: 50, Loss: 0.10096166282892227
Epoch: 100, Loss: 0.06418273597955704
Epoch: 150, Loss: 0.050367724150419235
Test Accuracy: 0.8375184638109305
Execution time of 'train_GCN_multisparse': 2.873537 seconds
New Sparsifier
MPS backend not available. Using CPU.
Epoch: 0, Loss: 1.9674972295761108
Epoch: 50, Loss: 0.08193644881248474
Epoch: 100, Loss: 0.054112665355205536
Epoch: 150, Loss: 0.044637203216552734
Test Accuracy: 0.8380108321024126
Execution time of 'train_GCN_multisparse': 2.872549 seconds
New Sparsifier
MPS backend not available. Using CPU.
Epoch: 0, Loss: 1.944474458694458
Epoch: 50, Loss: 0.11213210970163345
Epoch: 100, Loss: 0.0653306096792221
Epoch: 150, Loss: 0.06599032133817673
Test Accuracy: 0.8453963564746431
Execution time of 'train_GCN_multisparse': 2.832825 seconds
New Sparsifier
MPS backend not available. Using CPU.
Epoch: 0, Loss: 1.9575800895690918
Epoch: 50, Loss: 0.09512652456760406
Epoch: 100, Loss: 0.067984439432621
Epoch: 150, Loss: 0.05281475558876991
Test Accuracy: 0.8237321516494338
Execution time of 'train_GCN_multisparse': 2.883845 seconds
New Sparsifier
MPS backend not available. Using CPU.
Epoch: 0, Loss: 1.946923017501831
Epoch: 50, Loss: 0.10832003504037857
Epoch: 100, Loss: 0.06607885658740997
Epoch: 150, Loss: 0.05934636667370796
Test Accuracy: 0.8414574101427869
Execution time of 'train_GCN_multisparse': 2.841540 seconds
New Sparsifier
MPS backend not available. Using CPU.
Epoch: 0, Loss: 1.9548395872116089
Epoch: 50, Loss: 0.09718538075685501
Epoch: 100, Loss: 0.05705849081277847
Epoch: 150, Loss: 0.049157269299030304
Test Accuracy: 0.82767109798129
Execution time of 'train_GCN_multisparse': 2.839963 seconds
New Sparsifier
MPS backend not available. Using CPU.
Epoch: 0, Loss: 1.9439351558685303
Epoch: 50, Loss: 0.10195746272802353
Epoch: 100, Loss: 0.0753769502043724
Epoch: 150, Loss: 0.05545353144407272
Test Accuracy: 0.8340718857705564
Execution time of 'train_GCN_multisparse': 2.861702 seconds
New Sparsifier
MPS backend not available. Using CPU.
Epoch: 0, Loss: 1.931020736694336
Epoch: 50, Loss: 0.08686820417642593
Epoch: 100, Loss: 0.0654069036245346
Epoch: 150, Loss: 0.045635417103767395
Test Accuracy: 0.8168389955686853
Execution time of 'train_GCN_multisparse': 2.877329 seconds
New Sparsifier
MPS backend not available. Using CPU.
Epoch: 0, Loss: 1.9473165273666382
Epoch: 50, Loss: 0.08836113661527634
Epoch: 100, Loss: 0.07446928322315216
Epoch: 150, Loss: 0.051306284964084625
Test Accuracy: 0.8252092565238799
Execution time of 'train_GCN_multisparse': 2.874005 seconds
New Sparsifier
MPS backend not available. Using CPU.
Epoch: 0, Loss: 1.9487420320510864
Epoch: 50, Loss: 0.12549352645874023
Epoch: 100, Loss: 0.08441454917192459
Epoch: 150, Loss: 0.06304788589477539
Test Accuracy: 0.8257016248153619
Execution time of 'train_GCN_multisparse': 2.860885 seconds
New Sparsifier
MPS backend not available. Using CPU.
Epoch: 0, Loss: 1.936740756034851
Epoch: 50, Loss: 0.10163090378046036
Epoch: 100, Loss: 0.06828175485134125
Epoch: 150, Loss: 0.058447010815143585
Test Accuracy: 0.8399803052683407
Execution time of 'train_GCN_multisparse': 2.890992 seconds
New Sparsifier
MPS backend not available. Using CPU.
Epoch: 0, Loss: 1.946191668510437
Epoch: 50, Loss: 0.08702941983938217
Epoch: 100, Loss: 0.059415303170681
Epoch: 150, Loss: 0.04813686013221741
Test Accuracy: 0.8404726735598228
Execution time of 'train_GCN_multisparse': 2.919041 seconds
New Sparsifier
MPS backend not available. Using CPU.
Epoch: 0, Loss: 1.931670069694519
Epoch: 50, Loss: 0.10641123354434967
Epoch: 100, Loss: 0.06810063868761063
Epoch: 150, Loss: 0.06327192485332489
Test Accuracy: 0.8296405711472181
Execution time of 'train_GCN_multisparse': 2.945467 seconds
New Sparsifier
MPS backend not available. Using CPU.
Epoch: 0, Loss: 1.9459285736083984
Epoch: 50, Loss: 0.10608527809381485
Epoch: 100, Loss: 0.06607774645090103
Epoch: 150, Loss: 0.056847549974918365
Test Accuracy: 0.8301329394387001
Execution time of 'train_GCN_multisparse': 2.943417 seconds
New Sparsifier
MPS backend not available. Using CPU.
Epoch: 0, Loss: 1.9636473655700684
Epoch: 50, Loss: 0.11690205335617065
Epoch: 100, Loss: 0.0832781121134758
Epoch: 150, Loss: 0.05687471479177475
Test Accuracy: 0.8424421467257509
Execution time of 'train_GCN_multisparse': 2.917667 seconds
New Sparsifier
MPS backend not available. Using CPU.
Epoch: 0, Loss: 1.9347058534622192
Epoch: 50, Loss: 0.11062239110469818
Epoch: 100, Loss: 0.0655742958188057
Epoch: 150, Loss: 0.05457919090986252
Test Accuracy: 0.8513047759724274
Execution time of 'train_GCN_multisparse': 2.900021 seconds
New Sparsifier
MPS backend not available. Using CPU.
Epoch: 0, Loss: 1.9445146322250366
Epoch: 50, Loss: 0.08188971877098083
Epoch: 100, Loss: 0.059846870601177216
Epoch: 150, Loss: 0.043253351002931595
Test Accuracy: 0.8124076809453471
Execution time of 'train_GCN_multisparse': 2.770259 seconds
New Sparsifier
MPS backend not available. Using CPU.
Epoch: 0, Loss: 1.9352030754089355
Epoch: 50, Loss: 0.07927827537059784
Epoch: 100, Loss: 0.06037779897451401
Epoch: 150, Loss: 0.04580503702163696
Test Accuracy: 0.8242245199409158
Execution time of 'train_GCN_multisparse': 2.766672 seconds
New Sparsifier
MPS backend not available. Using CPU.
Epoch: 0, Loss: 1.9528393745422363
Epoch: 50, Loss: 0.0823957547545433
Epoch: 100, Loss: 0.053897399455308914
Epoch: 150, Loss: 0.0514313280582428
Test Accuracy: 0.8242245199409158
Execution time of 'train_GCN_multisparse': 2.776309 seconds
New Sparsifier
MPS backend not available. Using CPU.
Epoch: 0, Loss: 1.9531866312026978
Epoch: 50, Loss: 0.09411434084177017
Epoch: 100, Loss: 0.06026676297187805
Epoch: 150, Loss: 0.054848093539476395
Test Accuracy: 0.8345642540620384
Execution time of 'train_GCN_multisparse': 2.786709 seconds
New Sparsifier
MPS backend not available. Using CPU.
Epoch: 0, Loss: 1.9676660299301147
Epoch: 50, Loss: 0.09541360288858414
Epoch: 100, Loss: 0.0597846582531929
Epoch: 150, Loss: 0.054736629128456116
Test Accuracy: 0.8365337272279665
Execution time of 'train_GCN_multisparse': 2.805208 seconds
New Sparsifier
MPS backend not available. Using CPU.
Epoch: 0, Loss: 1.9433914422988892
Epoch: 50, Loss: 0.0862559825181961
Epoch: 100, Loss: 0.05656244233250618
Epoch: 150, Loss: 0.05376897379755974
Test Accuracy: 0.8355489906450024
Execution time of 'train_GCN_multisparse': 2.813496 seconds
New Sparsifier
MPS backend not available. Using CPU.
Epoch: 0, Loss: 1.945584774017334
Epoch: 50, Loss: 0.06071530655026436
Epoch: 100, Loss: 0.04761159047484398
Epoch: 150, Loss: 0.03620760887861252
Test Accuracy: 0.8261939931068439
Execution time of 'train_GCN_multisparse': 2.808548 seconds
New Sparsifier
MPS backend not available. Using CPU.
Epoch: 0, Loss: 1.9558788537979126
Epoch: 50, Loss: 0.09915214031934738
Epoch: 100, Loss: 0.06627878546714783
Epoch: 150, Loss: 0.05689067766070366
Test Accuracy: 0.843426883308715
Execution time of 'train_GCN_multisparse': 2.774352 seconds
New Sparsifier
MPS backend not available. Using CPU.
Epoch: 0, Loss: 1.9324676990509033
Epoch: 50, Loss: 0.07764018326997757
Epoch: 100, Loss: 0.05007106810808182
Epoch: 150, Loss: 0.04419040307402611
Test Accuracy: 0.82767109798129
Execution time of 'train_GCN_multisparse': 2.801041 seconds
New Sparsifier
MPS backend not available. Using CPU.
Epoch: 0, Loss: 1.969740390777588
Epoch: 50, Loss: 0.07947183400392532
Epoch: 100, Loss: 0.056481145322322845
Epoch: 150, Loss: 0.04857931286096573
Test Accuracy: 0.8168389955686853
Execution time of 'train_GCN_multisparse': 2.822578 seconds
New Sparsifier
MPS backend not available. Using CPU.
Epoch: 0, Loss: 1.9384843111038208
Epoch: 50, Loss: 0.0716676265001297
Epoch: 100, Loss: 0.05133314058184624
Epoch: 150, Loss: 0.04589026793837547
Test Accuracy: 0.844903988183161
Execution time of 'train_GCN_multisparse': 2.810782 seconds
New Sparsifier
MPS backend not available. Using CPU.
Epoch: 0, Loss: 1.9402481317520142
Epoch: 50, Loss: 0.09850051999092102
Epoch: 100, Loss: 0.06226595491170883
Epoch: 150, Loss: 0.0483919158577919
Test Accuracy: 0.8340718857705564
Execution time of 'train_GCN_multisparse': 2.703201 seconds
New Sparsifier
MPS backend not available. Using CPU.
Epoch: 0, Loss: 1.9340378046035767
Epoch: 50, Loss: 0.07657333463430405
Epoch: 100, Loss: 0.05948244035243988
Epoch: 150, Loss: 0.04767552763223648
Test Accuracy: 0.8409650418513048
Execution time of 'train_GCN_multisparse': 2.650769 seconds
New Sparsifier
MPS backend not available. Using CPU.
Epoch: 0, Loss: 1.9590727090835571
Epoch: 50, Loss: 0.10059633105993271
Epoch: 100, Loss: 0.05940121039748192
Epoch: 150, Loss: 0.056458961218595505
Test Accuracy: 0.8306253077301822
Execution time of 'train_GCN_multisparse': 2.630956 seconds
New Sparsifier
MPS backend not available. Using CPU.
Epoch: 0, Loss: 1.964385747909546
Epoch: 50, Loss: 0.10438761860132217
Epoch: 100, Loss: 0.06416881084442139
Epoch: 150, Loss: 0.05464474856853485
Test Accuracy: 0.8340718857705564
Execution time of 'train_GCN_multisparse': 2.620453 seconds
New Sparsifier
MPS backend not available. Using CPU.
Epoch: 0, Loss: 1.956559181213379
Epoch: 50, Loss: 0.08859792351722717
Epoch: 100, Loss: 0.06386006623506546
Epoch: 150, Loss: 0.05537307634949684
Test Accuracy: 0.8389955686853766
Execution time of 'train_GCN_multisparse': 2.792408 seconds
New Sparsifier
MPS backend not available. Using CPU.
Epoch: 0, Loss: 1.9426087141036987
Epoch: 50, Loss: 0.09265422075986862
Epoch: 100, Loss: 0.06614678353071213
Epoch: 150, Loss: 0.051978085190057755
Test Accuracy: 0.8355489906450024
Execution time of 'train_GCN_multisparse': 2.792970 seconds
New Sparsifier
MPS backend not available. Using CPU.
Epoch: 0, Loss: 1.9478907585144043
Epoch: 50, Loss: 0.11121933907270432
Epoch: 100, Loss: 0.06959416717290878
Epoch: 150, Loss: 0.05315638706088066
Test Accuracy: 0.8360413589364845
Execution time of 'train_GCN_multisparse': 2.788671 seconds
New Sparsifier
MPS backend not available. Using CPU.
Epoch: 0, Loss: 1.9499163627624512
Epoch: 50, Loss: 0.07382910698652267
Epoch: 100, Loss: 0.046434927731752396
Epoch: 150, Loss: 0.04628117009997368
Test Accuracy: 0.8350566223535204
Execution time of 'train_GCN_multisparse': 2.826349 seconds
New Sparsifier
MPS backend not available. Using CPU.
Epoch: 0, Loss: 1.9648690223693848
Epoch: 50, Loss: 0.09941952675580978
Epoch: 100, Loss: 0.06739962846040726
Epoch: 150, Loss: 0.054938677698373795
Test Accuracy: 0.843919251600197
Execution time of 'train_GCN_multisparse': 2.784542 seconds
New Sparsifier
MPS backend not available. Using CPU.
Epoch: 0, Loss: 1.9509016275405884
Epoch: 50, Loss: 0.08025109022855759
Epoch: 100, Loss: 0.05852486565709114
Epoch: 150, Loss: 0.05032189562916756
Test Accuracy: 0.8350566223535204
Execution time of 'train_GCN_multisparse': 2.824616 seconds
New Sparsifier
MPS backend not available. Using CPU.
Epoch: 0, Loss: 1.9457722902297974
